[194月2026 22:40:31.198] [Test worker/ERROR] [com.monpai.sailboatmod.ServerEvents/]: Failed to initialize sqlite
java.lang.NoClassDefFoundError: org/sqlite/core/NativeDB
	at com.monpai.sailboatmod.ServerEventsTest.lambda$startupTaskWrapperCatchesLinkageErrors$0(ServerEventsTest.java:12) ~[test/:?]
	at com.monpai.sailboatmod.ServerEvents.runStartupTaskSafely(ServerEvents.java:122) ~[main/:?]
	at com.monpai.sailboatmod.ServerEvents.runStartupTaskSafelyForTest(ServerEvents.java:114) ~[main/:?]
	at com.monpai.sailboatmod.ServerEventsTest.startupTaskWrapperCatchesLinkageErrors(ServerEventsTest.java:11) ~[test/:?]
	at jdk.internal.reflect.NativeMethodAccessorImpl.invoke0(Native Method) ~[?:?]
	at jdk.internal.reflect.NativeMethodAccessorImpl.invoke(NativeMethodAccessorImpl.java:77) ~[?:?]
	at jdk.internal.reflect.DelegatingMethodAccessorImpl.invoke(DelegatingMethodAccessorImpl.java:43) ~[?:?]
	at java.lang.reflect.Method.invoke(Method.java:568) ~[?:?]
	at org.junit.platform.commons.util.ReflectionUtils.invokeMethod(ReflectionUtils.java:728) ~[junit-platform-commons-1.10.2.jar:1.10.2]
	at org.junit.jupiter.engine.execution.MethodInvocation.proceed(MethodInvocation.java:60) ~[junit-jupiter-engine-5.10.2.jar:5.10.2]
	at org.junit.jupiter.engine.execution.InvocationInterceptorChain$ValidatingInvocation.proceed(InvocationInterceptorChain.java:131) ~[junit-jupiter-engine-5.10.2.jar:5.10.2]
	at org.junit.jupiter.engine.extension.TimeoutExtension.intercept(TimeoutExtension.java:156) ~[junit-jupiter-engine-5.10.2.jar:5.10.2]
	at org.junit.jupiter.engine.extension.TimeoutExtension.interceptTestableMethod(TimeoutExtension.java:147) ~[junit-jupiter-engine-5.10.2.jar:5.10.2]
	at org.junit.jupiter.engine.extension.TimeoutExtension.interceptTestMethod(TimeoutExtension.java:86) ~[junit-jupiter-engine-5.10.2.jar:5.10.2]
	at org.junit.jupiter.engine.execution.InterceptingExecutableInvoker$ReflectiveInterceptorCall.lambda$ofVoidMethod$0(InterceptingExecutableInvoker.java:103) ~[junit-jupiter-engine-5.10.2.jar:5.10.2]
	at org.junit.jupiter.engine.execution.InterceptingExecutableInvoker.lambda$invoke$0(InterceptingExecutableInvoker.java:93) ~[junit-jupiter-engine-5.10.2.jar:5.10.2]
	at org.junit.jupiter.engine.execution.InvocationInterceptorChain$InterceptedInvocation.proceed(InvocationInterceptorChain.java:106) ~[junit-jupiter-engine-5.10.2.jar:5.10.2]
	at org.junit.jupiter.engine.execution.InvocationInterceptorChain.proceed(InvocationInterceptorChain.java:64) ~[junit-jupiter-engine-5.10.2.jar:5.10.2]
	at org.junit.jupiter.engine.execution.InvocationInterceptorChain.chainAndInvoke(InvocationInterceptorChain.java:45) ~[junit-jupiter-engine-5.10.2.jar:5.10.2]
	at org.junit.jupiter.engine.execution.InvocationInterceptorChain.invoke(InvocationInterceptorChain.java:37) ~[junit-jupiter-engine-5.10.2.jar:5.10.2]
	at org.junit.jupiter.engine.execution.InterceptingExecutableInvoker.invoke(InterceptingExecutableInvoker.java:92) ~[junit-jupiter-engine-5.10.2.jar:5.10.2]
	at org.junit.jupiter.engine.execution.InterceptingExecutableInvoker.invoke(InterceptingExecutableInvoker.java:86) ~[junit-jupiter-engine-5.10.2.jar:5.10.2]
	at org.junit.jupiter.engine.descriptor.TestMethodTestDescriptor.lambda$invokeTestMethod$7(TestMethodTestDescriptor.java:218) ~[junit-jupiter-engine-5.10.2.jar:5.10.2]
	at org.junit.platform.engine.support.hierarchical.ThrowableCollector.execute(ThrowableCollector.java:73) ~[junit-platform-engine-1.10.2.jar:1.10.2]
	at org.junit.jupiter.engine.descriptor.TestMethodTestDescriptor.invokeTestMethod(TestMethodTestDescriptor.java:214) ~[junit-jupiter-engine-5.10.2.jar:5.10.2]
	at org.junit.jupiter.engine.descriptor.TestMethodTestDescriptor.execute(TestMethodTestDescriptor.java:139) ~[junit-jupiter-engine-5.10.2.jar:5.10.2]
	at org.junit.jupiter.engine.descriptor.TestMethodTestDescriptor.execute(TestMethodTestDescriptor.java:69) ~[junit-jupiter-engine-5.10.2.jar:5.10.2]
	at org.junit.platform.engine.support.hierarchical.NodeTestTask.lambda$executeRecursively$6(NodeTestTask.java:151) ~[junit-platform-engine-1.10.2.jar:1.10.2]
	at org.junit.platform.engine.support.hierarchical.ThrowableCollector.execute(ThrowableCollector.java:73) ~[junit-platform-engine-1.10.2.jar:1.10.2]
	at org.junit.platform.engine.support.hierarchical.NodeTestTask.lambda$executeRecursively$8(NodeTestTask.java:141) ~[junit-platform-engine-1.10.2.jar:1.10.2]
	at org.junit.platform.engine.support.hierarchical.Node.around(Node.java:137) ~[junit-platform-engine-1.10.2.jar:1.10.2]
	at org.junit.platform.engine.support.hierarchical.NodeTestTask.lambda$executeRecursively$9(NodeTestTask.java:139) ~[junit-platform-engine-1.10.2.jar:1.10.2]
	at org.junit.platform.engine.support.hierarchical.ThrowableCollector.execute(ThrowableCollector.java:73) ~[junit-platform-engine-1.10.2.jar:1.10.2]
	at org.junit.platform.engine.support.hierarchical.NodeTestTask.executeRecursively(NodeTestTask.java:138) ~[junit-platform-engine-1.10.2.jar:1.10.2]
	at org.junit.platform.engine.support.hierarchical.NodeTestTask.execute(NodeTestTask.java:95) ~[junit-platform-engine-1.10.2.jar:1.10.2]
	at java.util.ArrayList.forEach(ArrayList.java:1511) ~[?:?]
	at org.junit.platform.engine.support.hierarchical.SameThreadHierarchicalTestExecutorService.invokeAll(SameThreadHierarchicalTestExecutorService.java:41) ~[junit-platform-engine-1.10.2.jar:1.10.2]
	at org.junit.platform.engine.support.hierarchical.NodeTestTask.lambda$executeRecursively$6(NodeTestTask.java:155) ~[junit-platform-engine-1.10.2.jar:1.10.2]
	at org.junit.platform.engine.support.hierarchical.ThrowableCollector.execute(ThrowableCollector.java:73) ~[junit-platform-engine-1.10.2.jar:1.10.2]
	at org.junit.platform.engine.support.hierarchical.NodeTestTask.lambda$executeRecursively$8(NodeTestTask.java:141) ~[junit-platform-engine-1.10.2.jar:1.10.2]
	at org.junit.platform.engine.support.hierarchical.Node.around(Node.java:137) ~[junit-platform-engine-1.10.2.jar:1.10.2]
	at org.junit.platform.engine.support.hierarchical.NodeTestTask.lambda$executeRecursively$9(NodeTestTask.java:139) ~[junit-platform-engine-1.10.2.jar:1.10.2]
	at org.junit.platform.engine.support.hierarchical.ThrowableCollector.execute(ThrowableCollector.java:73) ~[junit-platform-engine-1.10.2.jar:1.10.2]
	at org.junit.platform.engine.support.hierarchical.NodeTestTask.executeRecursively(NodeTestTask.java:138) ~[junit-platform-engine-1.10.2.jar:1.10.2]
	at org.junit.platform.engine.support.hierarchical.NodeTestTask.execute(NodeTestTask.java:95) ~[junit-platform-engine-1.10.2.jar:1.10.2]
	at java.util.ArrayList.forEach(ArrayList.java:1511) ~[?:?]
	at org.junit.platform.engine.support.hierarchical.SameThreadHierarchicalTestExecutorService.invokeAll(SameThreadHierarchicalTestExecutorService.java:41) ~[junit-platform-engine-1.10.2.jar:1.10.2]
	at org.junit.platform.engine.support.hierarchical.NodeTestTask.lambda$executeRecursively$6(NodeTestTask.java:155) ~[junit-platform-engine-1.10.2.jar:1.10.2]
	at org.junit.platform.engine.support.hierarchical.ThrowableCollector.execute(ThrowableCollector.java:73) ~[junit-platform-engine-1.10.2.jar:1.10.2]
	at org.junit.platform.engine.support.hierarchical.NodeTestTask.lambda$executeRecursively$8(NodeTestTask.java:141) ~[junit-platform-engine-1.10.2.jar:1.10.2]
	at org.junit.platform.engine.support.hierarchical.Node.around(Node.java:137) ~[junit-platform-engine-1.10.2.jar:1.10.2]
	at org.junit.platform.engine.support.hierarchical.NodeTestTask.lambda$executeRecursively$9(NodeTestTask.java:139) ~[junit-platform-engine-1.10.2.jar:1.10.2]
	at org.junit.platform.engine.support.hierarchical.ThrowableCollector.execute(ThrowableCollector.java:73) ~[junit-platform-engine-1.10.2.jar:1.10.2]
	at org.junit.platform.engine.support.hierarchical.NodeTestTask.executeRecursively(NodeTestTask.java:138) ~[junit-platform-engine-1.10.2.jar:1.10.2]
	at org.junit.platform.engine.support.hierarchical.NodeTestTask.execute(NodeTestTask.java:95) ~[junit-platform-engine-1.10.2.jar:1.10.2]
	at org.junit.platform.engine.support.hierarchical.SameThreadHierarchicalTestExecutorService.submit(SameThreadHierarchicalTestExecutorService.java:35) ~[junit-platform-engine-1.10.2.jar:1.10.2]
	at org.junit.platform.engine.support.hierarchical.HierarchicalTestExecutor.execute(HierarchicalTestExecutor.java:57) ~[junit-platform-engine-1.10.2.jar:1.10.2]
	at org.junit.platform.engine.support.hierarchical.HierarchicalTestEngine.execute(HierarchicalTestEngine.java:54) ~[junit-platform-engine-1.10.2.jar:1.10.2]
	at org.junit.platform.launcher.core.EngineExecutionOrchestrator.execute(EngineExecutionOrchestrator.java:107) ~[junit-platform-launcher-1.8.2.jar:1.8.2]
	at org.junit.platform.launcher.core.EngineExecutionOrchestrator.execute(EngineExecutionOrchestrator.java:88) ~[junit-platform-launcher-1.8.2.jar:1.8.2]
	at org.junit.platform.launcher.core.EngineExecutionOrchestrator.lambda$execute$0(EngineExecutionOrchestrator.java:54) ~[junit-platform-launcher-1.8.2.jar:1.8.2]
	at org.junit.platform.launcher.core.EngineExecutionOrchestrator.withInterceptedStreams(EngineExecutionOrchestrator.java:67) ~[junit-platform-launcher-1.8.2.jar:1.8.2]
	at org.junit.platform.launcher.core.EngineExecutionOrchestrator.execute(EngineExecutionOrchestrator.java:52) ~[junit-platform-launcher-1.8.2.jar:1.8.2]
	at org.junit.platform.launcher.core.DefaultLauncher.execute(DefaultLauncher.java:114) ~[junit-platform-launcher-1.8.2.jar:1.8.2]
	at org.junit.platform.launcher.core.DefaultLauncher.execute(DefaultLauncher.java:86) ~[junit-platform-launcher-1.8.2.jar:1.8.2]
	at org.junit.platform.launcher.core.DefaultLauncherSession$DelegatingLauncher.execute(DefaultLauncherSession.java:86) ~[junit-platform-launcher-1.8.2.jar:1.8.2]
	at org.gradle.api.internal.tasks.testing.junitplatform.JUnitPlatformTestClassProcessor$CollectAllTestClassesExecutor.processAllTestClasses(JUnitPlatformTestClassProcessor.java:110) ~[?:?]
	at org.gradle.api.internal.tasks.testing.junitplatform.JUnitPlatformTestClassProcessor$CollectAllTestClassesExecutor.access$000(JUnitPlatformTestClassProcessor.java:90) ~[?:?]
	at org.gradle.api.internal.tasks.testing.junitplatform.JUnitPlatformTestClassProcessor.stop(JUnitPlatformTestClassProcessor.java:85) ~[?:?]
	at org.gradle.api.internal.tasks.testing.SuiteTestClassProcessor.stop(SuiteTestClassProcessor.java:62) ~[?:?]
	at jdk.internal.reflect.NativeMethodAccessorImpl.invoke0(Native Method) ~[?:?]
	at jdk.internal.reflect.NativeMethodAccessorImpl.invoke(NativeMethodAccessorImpl.java:77) ~[?:?]
	at jdk.internal.reflect.DelegatingMethodAccessorImpl.invoke(DelegatingMethodAccessorImpl.java:43) ~[?:?]
	at java.lang.reflect.Method.invoke(Method.java:568) ~[?:?]
	at org.gradle.internal.dispatch.ReflectionDispatch.dispatch(ReflectionDispatch.java:36) ~[?:?]
	at org.gradle.internal.dispatch.ReflectionDispatch.dispatch(ReflectionDispatch.java:24) ~[?:?]
	at org.gradle.internal.dispatch.ContextClassLoaderDispatch.dispatch(ContextClassLoaderDispatch.java:33) ~[?:?]
	at org.gradle.internal.dispatch.ProxyDispatchAdapter$DispatchingInvocationHandler.invoke(ProxyDispatchAdapter.java:94) ~[?:?]
	at jdk.proxy1.$Proxy2.stop(Unknown Source) ~[?:?]
	at org.gradle.api.internal.tasks.testing.worker.TestWorker$3.run(TestWorker.java:193) ~[?:?]
	at org.gradle.api.internal.tasks.testing.worker.TestWorker.executeAndMaintainThreadName(TestWorker.java:129) ~[?:?]
	at org.gradle.api.internal.tasks.testing.worker.TestWorker.execute(TestWorker.java:100) ~[?:?]
	at org.gradle.api.internal.tasks.testing.worker.TestWorker.execute(TestWorker.java:60) ~[?:?]
	at org.gradle.process.internal.worker.child.ActionExecutionWorker.execute(ActionExecutionWorker.java:56) ~[?:?]
	at org.gradle.process.internal.worker.child.SystemApplicationClassLoaderWorker.call(SystemApplicationClassLoaderWorker.java:113) ~[?:?]
	at org.gradle.process.internal.worker.child.SystemApplicationClassLoaderWorker.call(SystemApplicationClassLoaderWorker.java:65) ~[?:?]
	at worker.org.gradle.process.internal.worker.GradleWorkerMain.run(GradleWorkerMain.java:69) ~[gradle-worker.jar:?]
	at worker.org.gradle.process.internal.worker.GradleWorkerMain.main(GradleWorkerMain.java:74) ~[gradle-worker.jar:?]
[194月2026 22:40:35.892] [Test worker/INFO] [com.monpai.sailboatmod.client.screen.town.TownHomeScreen/]: [TownClaimPreview] updateData previewCenter=1,0 visibleCenterBefore=0,0 terrainCount=4 nearbyClaims=0 pending=-2147483648,-2147483648 queued=-2147483648,-2147483648 resetPending=false
[194月2026 22:40:35.898] [Test worker/INFO] [com.monpai.sailboatmod.client.screen.town.TownHomeScreen/]: [TownClaimPreview] updateData previewCenter=1,0 visibleCenterBefore=0,0 terrainCount=0 nearbyClaims=0 pending=-2147483648,-2147483648 queued=-2147483648,-2147483648 resetPending=false
[194月2026 22:40:35.899] [Test worker/INFO] [com.monpai.sailboatmod.client.screen.town.TownHomeScreen/]: [TownClaimPreview] updateData previewCenter=1,0 visibleCenterBefore=0,0 terrainCount=0 nearbyClaims=0 pending=-2147483648,-2147483648 queued=-2147483648,-2147483648 resetPending=false
[194月2026 22:40:36.254] [Test worker/WARN] [com.monpai.sailboatmod.construction.RoadRouteNodePlanner/]: RoadRouteNodePlanner search_exhausted allowBridgeColumns=false bounds=SearchBounds[minX=-8, maxX=15, minZ=-24, maxZ=24] visited=9 seen=9 openRemaining=0 start=RouteColumn[surfacePos=BlockPos{x=0, y=64, z=0}, blocked=false, requiresBridge=false, adjacentWaterColumns=0, terrainPenalty=0, preferred=false] end=RouteColumn[surfacePos=BlockPos{x=7, y=64, z=0}, blocked=false, requiresBridge=false, adjacentWaterColumns=0, terrainPenalty=0, preferred=false]
[194月2026 22:40:36.257] [Test worker/WARN] [com.monpai.sailboatmod.construction.RoadRouteNodePlanner/]: RoadRouteNodePlanner search_exhausted allowBridgeColumns=false bounds=SearchBounds[minX=-24, maxX=31, minZ=-55, maxZ=55] visited=25 seen=25 openRemaining=0 start=RouteColumn[surfacePos=BlockPos{x=0, y=64, z=0}, blocked=false, requiresBridge=false, adjacentWaterColumns=0, terrainPenalty=0, preferred=false] end=RouteColumn[surfacePos=BlockPos{x=7, y=64, z=0}, blocked=false, requiresBridge=false, adjacentWaterColumns=0, terrainPenalty=0, preferred=false]
[194月2026 22:40:36.436] [Test worker/WARN] [com.monpai.sailboatmod.construction.RoadRouteNodePlanner/]: RoadRouteNodePlanner search_exhausted allowBridgeColumns=false bounds=SearchBounds[minX=-8, maxX=20, minZ=-24, maxZ=24] visited=11 seen=11 openRemaining=0 start=RouteColumn[surfacePos=BlockPos{x=0, y=64, z=0}, blocked=false, requiresBridge=false, adjacentWaterColumns=0, terrainPenalty=0, preferred=true] end=RouteColumn[surfacePos=BlockPos{x=12, y=64, z=0}, blocked=false, requiresBridge=false, adjacentWaterColumns=0, terrainPenalty=0, preferred=true]
[194月2026 22:40:36.437] [Test worker/WARN] [com.monpai.sailboatmod.construction.RoadRouteNodePlanner/]: RoadRouteNodePlanner search_exhausted allowBridgeColumns=false bounds=SearchBounds[minX=-24, maxX=36, minZ=-60, maxZ=60] visited=27 seen=27 openRemaining=0 start=RouteColumn[surfacePos=BlockPos{x=0, y=64, z=0}, blocked=false, requiresBridge=false, adjacentWaterColumns=0, terrainPenalty=0, preferred=true] end=RouteColumn[surfacePos=BlockPos{x=12, y=64, z=0}, blocked=false, requiresBridge=false, adjacentWaterColumns=0, terrainPenalty=0, preferred=true]
[194月2026 22:40:36.446] [Test worker/WARN] [com.monpai.sailboatmod.construction.RoadRouteNodePlanner/]: RoadRouteNodePlanner search_exhausted allowBridgeColumns=false bounds=SearchBounds[minX=-8, maxX=20, minZ=-24, maxZ=24] visited=663 seen=539 openRemaining=0 start=RouteColumn[surfacePos=BlockPos{x=0, y=64, z=0}, blocked=false, requiresBridge=false, adjacentWaterColumns=0, terrainPenalty=0, preferred=true] end=RouteColumn[surfacePos=BlockPos{x=12, y=64, z=0}, blocked=false, requiresBridge=false, adjacentWaterColumns=0, terrainPenalty=0, preferred=true]
[194月2026 22:40:36.465] [Test worker/WARN] [com.monpai.sailboatmod.construction.RoadRouteNodePlanner/]: RoadRouteNodePlanner search_exhausted allowBridgeColumns=false bounds=SearchBounds[minX=-24, maxX=36, minZ=-60, maxZ=60] visited=3553 seen=3267 openRemaining=0 start=RouteColumn[surfacePos=BlockPos{x=0, y=64, z=0}, blocked=false, requiresBridge=false, adjacentWaterColumns=0, terrainPenalty=0, preferred=true] end=RouteColumn[surfacePos=BlockPos{x=12, y=64, z=0}, blocked=false, requiresBridge=false, adjacentWaterColumns=0, terrainPenalty=0, preferred=true]
[194月2026 22:40:36.469] [Test worker/WARN] [com.monpai.sailboatmod.construction.RoadRouteNodePlanner/]: RoadRouteNodePlanner search_exhausted allowBridgeColumns=false bounds=SearchBounds[minX=-8, maxX=13, minZ=-24, maxZ=24] visited=10 seen=10 openRemaining=0 start=RouteColumn[surfacePos=BlockPos{x=0, y=64, z=0}, blocked=false, requiresBridge=false, adjacentWaterColumns=0, terrainPenalty=0, preferred=true] end=RouteColumn[surfacePos=BlockPos{x=5, y=74, z=0}, blocked=false, requiresBridge=false, adjacentWaterColumns=0, terrainPenalty=0, preferred=true]
[194月2026 22:40:36.469] [Test worker/WARN] [com.monpai.sailboatmod.construction.RoadRouteNodePlanner/]: RoadRouteNodePlanner search_exhausted allowBridgeColumns=false bounds=SearchBounds[minX=-24, maxX=29, minZ=-53, maxZ=53] visited=26 seen=26 openRemaining=0 start=RouteColumn[surfacePos=BlockPos{x=0, y=64, z=0}, blocked=false, requiresBridge=false, adjacentWaterColumns=0, terrainPenalty=0, preferred=true] end=RouteColumn[surfacePos=BlockPos{x=5, y=74, z=0}, blocked=false, requiresBridge=false, adjacentWaterColumns=0, terrainPenalty=0, preferred=true]
[194月2026 22:40:36.472] [Test worker/WARN] [com.monpai.sailboatmod.construction.RoadRouteNodePlanner/]: RoadRouteNodePlanner search_exhausted allowBridgeColumns=false bounds=SearchBounds[minX=-17, maxX=57, minZ=-44, maxZ=44] visited=333 seen=205 openRemaining=0 start=RouteColumn[surfacePos=BlockPos{x=0, y=64, z=0}, blocked=false, requiresBridge=false, adjacentWaterColumns=0, terrainPenalty=0, preferred=true] end=RouteColumn[surfacePos=BlockPos{x=40, y=64, z=0}, blocked=false, requiresBridge=false, adjacentWaterColumns=0, terrainPenalty=0, preferred=true]
[194月2026 22:40:36.482] [Test worker/WARN] [com.monpai.sailboatmod.construction.RoadRouteNodePlanner/]: RoadRouteNodePlanner search_exhausted allowBridgeColumns=false bounds=SearchBounds[minX=-36, maxX=76, minZ=-160, maxZ=160] visited=333 seen=205 openRemaining=0 start=RouteColumn[surfacePos=BlockPos{x=0, y=64, z=0}, blocked=false, requiresBridge=false, adjacentWaterColumns=0, terrainPenalty=0, preferred=true] end=RouteColumn[surfacePos=BlockPos{x=40, y=64, z=0}, blocked=false, requiresBridge=false, adjacentWaterColumns=0, terrainPenalty=0, preferred=true]
[194月2026 22:40:36.585] [Test worker/WARN] [com.monpai.sailboatmod.construction.RoadRouteNodePlanner/]: RoadRouteNodePlanner search_exhausted allowBridgeColumns=false bounds=SearchBounds[minX=-8, maxX=18, minZ=-24, maxZ=24] visited=10 seen=10 openRemaining=0 start=RouteColumn[surfacePos=BlockPos{x=0, y=64, z=0}, blocked=false, requiresBridge=false, adjacentWaterColumns=0, terrainPenalty=0, preferred=false] end=RouteColumn[surfacePos=BlockPos{x=10, y=64, z=0}, blocked=false, requiresBridge=false, adjacentWaterColumns=0, terrainPenalty=0, preferred=false]
[194月2026 22:40:36.586] [Test worker/WARN] [com.monpai.sailboatmod.construction.RoadRouteNodePlanner/]: RoadRouteNodePlanner search_exhausted allowBridgeColumns=false bounds=SearchBounds[minX=-24, maxX=34, minZ=-58, maxZ=58] visited=26 seen=26 openRemaining=0 start=RouteColumn[surfacePos=BlockPos{x=0, y=64, z=0}, blocked=false, requiresBridge=false, adjacentWaterColumns=0, terrainPenalty=0, preferred=false] end=RouteColumn[surfacePos=BlockPos{x=10, y=64, z=0}, blocked=false, requiresBridge=false, adjacentWaterColumns=0, terrainPenalty=0, preferred=false]
[194月2026 22:40:36.588] [Test worker/WARN] [com.monpai.sailboatmod.construction.RoadRouteNodePlanner/]: RoadRouteNodePlanner search_exhausted allowBridgeColumns=false bounds=SearchBounds[minX=-12, maxX=36, minZ=-28, maxZ=28] visited=21 seen=21 openRemaining=0 start=RouteColumn[surfacePos=BlockPos{x=0, y=64, z=0}, blocked=false, requiresBridge=false, adjacentWaterColumns=0, terrainPenalty=0, preferred=true] end=RouteColumn[surfacePos=BlockPos{x=24, y=64, z=0}, blocked=false, requiresBridge=false, adjacentWaterColumns=0, terrainPenalty=0, preferred=true]
[194月2026 22:40:36.589] [Test worker/WARN] [com.monpai.sailboatmod.construction.RoadRouteNodePlanner/]: RoadRouteNodePlanner search_exhausted allowBridgeColumns=false bounds=SearchBounds[minX=-28, maxX=52, minZ=-96, maxZ=96] visited=37 seen=37 openRemaining=0 start=RouteColumn[surfacePos=BlockPos{x=0, y=64, z=0}, blocked=false, requiresBridge=false, adjacentWaterColumns=0, terrainPenalty=0, preferred=true] end=RouteColumn[surfacePos=BlockPos{x=24, y=64, z=0}, blocked=false, requiresBridge=false, adjacentWaterColumns=0, terrainPenalty=0, preferred=true]
[194月2026 22:40:36.591] [Test worker/WARN] [com.monpai.sailboatmod.construction.RoadRouteNodePlanner/]: RoadRouteNodePlanner search_exhausted allowBridgeColumns=false bounds=SearchBounds[minX=-20, maxX=68, minZ=-52, maxZ=52] visited=53 seen=53 openRemaining=0 start=RouteColumn[surfacePos=BlockPos{x=0, y=64, z=0}, blocked=false, requiresBridge=false, adjacentWaterColumns=0, terrainPenalty=0, preferred=false] end=RouteColumn[surfacePos=BlockPos{x=48, y=64, z=0}, blocked=false, requiresBridge=false, adjacentWaterColumns=0, terrainPenalty=0, preferred=false]
[194月2026 22:40:36.593] [Test worker/WARN] [com.monpai.sailboatmod.construction.RoadRouteNodePlanner/]: RoadRouteNodePlanner search_exhausted allowBridgeColumns=false bounds=SearchBounds[minX=-8, maxX=14, minZ=-24, maxZ=24] visited=10 seen=10 openRemaining=0 start=RouteColumn[surfacePos=BlockPos{x=0, y=64, z=0}, blocked=false, requiresBridge=false, adjacentWaterColumns=0, terrainPenalty=0, preferred=false] end=RouteColumn[surfacePos=BlockPos{x=6, y=64, z=0}, blocked=false, requiresBridge=false, adjacentWaterColumns=0, terrainPenalty=0, preferred=false]
[194月2026 22:40:36.594] [Test worker/WARN] [com.monpai.sailboatmod.construction.RoadRouteNodePlanner/]: RoadRouteNodePlanner search_exhausted allowBridgeColumns=false bounds=SearchBounds[minX=-24, maxX=30, minZ=-54, maxZ=54] visited=26 seen=26 openRemaining=0 start=RouteColumn[surfacePos=BlockPos{x=0, y=64, z=0}, blocked=false, requiresBridge=false, adjacentWaterColumns=0, terrainPenalty=0, preferred=false] end=RouteColumn[surfacePos=BlockPos{x=6, y=64, z=0}, blocked=false, requiresBridge=false, adjacentWaterColumns=0, terrainPenalty=0, preferred=false]
[194月2026 22:40:36.595] [Test worker/WARN] [com.monpai.sailboatmod.construction.RoadRouteNodePlanner/]: RoadRouteNodePlanner search_exhausted allowBridgeColumns=false bounds=SearchBounds[minX=-8, maxX=10, minZ=-24, maxZ=24] visited=25 seen=25 openRemaining=0 start=RouteColumn[surfacePos=BlockPos{x=0, y=64, z=0}, blocked=false, requiresBridge=false, adjacentWaterColumns=0, terrainPenalty=0, preferred=false] end=RouteColumn[surfacePos=BlockPos{x=2, y=64, z=0}, blocked=false, requiresBridge=false, adjacentWaterColumns=0, terrainPenalty=0, preferred=false]
[194月2026 22:40:36.598] [Test worker/WARN] [com.monpai.sailboatmod.construction.RoadRouteNodePlanner/]: RoadRouteNodePlanner search_exhausted allowBridgeColumns=false bounds=SearchBounds[minX=-8, maxX=12, minZ=-24, maxZ=24] visited=10 seen=10 openRemaining=0 start=RouteColumn[surfacePos=BlockPos{x=0, y=64, z=0}, blocked=false, requiresBridge=false, adjacentWaterColumns=0, terrainPenalty=0, preferred=true] end=RouteColumn[surfacePos=BlockPos{x=4, y=71, z=0}, blocked=false, requiresBridge=false, adjacentWaterColumns=0, terrainPenalty=0, preferred=true]
[194月2026 22:40:36.598] [Test worker/WARN] [com.monpai.sailboatmod.construction.RoadRouteNodePlanner/]: RoadRouteNodePlanner search_exhausted allowBridgeColumns=false bounds=SearchBounds[minX=-24, maxX=28, minZ=-52, maxZ=52] visited=26 seen=26 openRemaining=0 start=RouteColumn[surfacePos=BlockPos{x=0, y=64, z=0}, blocked=false, requiresBridge=false, adjacentWaterColumns=0, terrainPenalty=0, preferred=true] end=RouteColumn[surfacePos=BlockPos{x=4, y=71, z=0}, blocked=false, requiresBridge=false, adjacentWaterColumns=0, terrainPenalty=0, preferred=true]
[194月2026 22:40:36.604] [Test worker/WARN] [com.monpai.sailboatmod.construction.RoadRouteNodePlanner/]: RoadRouteNodePlanner search_exhausted allowBridgeColumns=false bounds=SearchBounds[minX=-8, maxX=16, minZ=-24, maxZ=24] visited=10 seen=10 openRemaining=0 start=RouteColumn[surfacePos=BlockPos{x=0, y=64, z=0}, blocked=false, requiresBridge=false, adjacentWaterColumns=4, terrainPenalty=0, preferred=false] end=RouteColumn[surfacePos=BlockPos{x=8, y=64, z=0}, blocked=false, requiresBridge=false, adjacentWaterColumns=4, terrainPenalty=0, preferred=false]
[194月2026 22:40:36.605] [Test worker/WARN] [com.monpai.sailboatmod.construction.RoadRouteNodePlanner/]: RoadRouteNodePlanner search_exhausted allowBridgeColumns=false bounds=SearchBounds[minX=-24, maxX=32, minZ=-56, maxZ=56] visited=26 seen=26 openRemaining=0 start=RouteColumn[surfacePos=BlockPos{x=0, y=64, z=0}, blocked=false, requiresBridge=false, adjacentWaterColumns=4, terrainPenalty=0, preferred=false] end=RouteColumn[surfacePos=BlockPos{x=8, y=64, z=0}, blocked=false, requiresBridge=false, adjacentWaterColumns=4, terrainPenalty=0, preferred=false]
[194月2026 22:40:37.124] [Test worker/WARN] [com.monpai.sailboatmod.nation.service.RoadPathfinder/]: RoadPathfinder anchor_rejected requestedFrom=BlockPos{x=-847, y=62, z=215} requestedTo=BlockPos{x=-623, y=66, z=219} allowWaterFallback=false blockedColumns=0 start=ColumnDiagnostics[requested=BlockPos{x=-847, y=62, z=215}, surface=null, blocked=false, blockedByPlanner=false, blockedByOccupant=false, blockedByHeadroom=false, missingSurface=true, bridgeRequired=false, bridgeBlockedByMode=false, adjacentWater=0, terrainPenalty=0, preferred=false, reason=surface_missing] end=ColumnDiagnostics[requested=BlockPos{x=-623, y=66, z=219}, surface=null, blocked=false, blockedByPlanner=false, blockedByOccupant=false, blockedByHeadroom=false, missingSurface=true, bridgeRequired=false, bridgeBlockedByMode=false, adjacentWater=0, terrainPenalty=0, preferred=false, reason=surface_missing] planPathSize=-1 planUsedBridge=false planBridgeColumns=-1 planLongestBridgeRun=-1
[194月2026 22:40:37.180] [Test worker/WARN] [com.monpai.sailboatmod.construction.RoadRouteNodePlanner/]: RoadRouteNodePlanner anchor_rejected allowBridgeColumns=false bounds=SearchBounds[minX=-20, maxX=68, minZ=-52, maxZ=52] start=RouteColumn[surfacePos=BlockPos{x=0, y=64, z=0}, blocked=false, requiresBridge=true, adjacentWaterColumns=4, terrainPenalty=0, preferred=false] end=RouteColumn[surfacePos=BlockPos{x=48, y=64, z=0}, blocked=false, requiresBridge=true, adjacentWaterColumns=4, terrainPenalty=0, preferred=false]
[194月2026 22:40:37.180] [Test worker/WARN] [com.monpai.sailboatmod.construction.RoadRouteNodePlanner/]: RoadRouteNodePlanner anchor_rejected allowBridgeColumns=false bounds=SearchBounds[minX=-40, maxX=88, minZ=-192, maxZ=192] start=RouteColumn[surfacePos=BlockPos{x=0, y=64, z=0}, blocked=false, requiresBridge=true, adjacentWaterColumns=4, terrainPenalty=0, preferred=false] end=RouteColumn[surfacePos=BlockPos{x=48, y=64, z=0}, blocked=false, requiresBridge=true, adjacentWaterColumns=4, terrainPenalty=0, preferred=false]
[194月2026 22:40:37.397] [Test worker/WARN] [com.monpai.sailboatmod.construction.RoadRouteNodePlanner/]: RoadRouteNodePlanner search_exhausted allowBridgeColumns=false bounds=SearchBounds[minX=-8, maxX=16, minZ=-24, maxZ=24] visited=2 seen=2 openRemaining=0 start=RouteColumn[surfacePos=BlockPos{x=0, y=64, z=0}, blocked=false, requiresBridge=false, adjacentWaterColumns=0, terrainPenalty=0, preferred=true] end=RouteColumn[surfacePos=BlockPos{x=8, y=64, z=0}, blocked=false, requiresBridge=false, adjacentWaterColumns=0, terrainPenalty=0, preferred=true]
[194月2026 22:40:37.399] [Test worker/WARN] [com.monpai.sailboatmod.construction.RoadRouteNodePlanner/]: RoadRouteNodePlanner search_exhausted allowBridgeColumns=false bounds=SearchBounds[minX=-24, maxX=32, minZ=-56, maxZ=56] visited=2 seen=2 openRemaining=0 start=RouteColumn[surfacePos=BlockPos{x=0, y=64, z=0}, blocked=false, requiresBridge=false, adjacentWaterColumns=0, terrainPenalty=0, preferred=true] end=RouteColumn[surfacePos=BlockPos{x=8, y=64, z=0}, blocked=false, requiresBridge=false, adjacentWaterColumns=0, terrainPenalty=0, preferred=true]
[194月2026 22:40:37.935] [Test worker/WARN] [com.monpai.sailboatmod.construction.RoadRouteNodePlanner/]: RoadRouteNodePlanner anchor_rejected allowBridgeColumns=false bounds=SearchBounds[minX=-8, maxX=11, minZ=-24, maxZ=24] start=RouteColumn[surfacePos=BlockPos{x=0, y=64, z=0}, blocked=false, requiresBridge=false, adjacentWaterColumns=0, terrainPenalty=0, preferred=true] end=RouteColumn[surfacePos=BlockPos{x=3, y=69, z=0}, blocked=false, requiresBridge=true, adjacentWaterColumns=1, terrainPenalty=6, preferred=false]
[194月2026 22:40:37.935] [Test worker/WARN] [com.monpai.sailboatmod.construction.RoadRouteNodePlanner/]: RoadRouteNodePlanner anchor_rejected allowBridgeColumns=false bounds=SearchBounds[minX=-24, maxX=27, minZ=-51, maxZ=51] start=RouteColumn[surfacePos=BlockPos{x=0, y=64, z=0}, blocked=false, requiresBridge=false, adjacentWaterColumns=0, terrainPenalty=0, preferred=true] end=RouteColumn[surfacePos=BlockPos{x=3, y=69, z=0}, blocked=false, requiresBridge=true, adjacentWaterColumns=1, terrainPenalty=6, preferred=false]
[194月2026 22:40:37.938] [Test worker/WARN] [com.monpai.sailboatmod.construction.RoadRouteNodePlanner/]: RoadRouteNodePlanner anchor_rejected allowBridgeColumns=false bounds=SearchBounds[minX=-5, maxX=13, minZ=-24, maxZ=24] start=RouteColumn[surfacePos=BlockPos{x=3, y=69, z=0}, blocked=false, requiresBridge=true, adjacentWaterColumns=1, terrainPenalty=6, preferred=false] end=RouteColumn[surfacePos=BlockPos{x=5, y=69, z=0}, blocked=false, requiresBridge=true, adjacentWaterColumns=2, terrainPenalty=0, preferred=false]
[194月2026 22:40:37.939] [Test worker/WARN] [com.monpai.sailboatmod.construction.RoadRouteNodePlanner/]: RoadRouteNodePlanner anchor_rejected allowBridgeColumns=false bounds=SearchBounds[minX=-21, maxX=29, minZ=-50, maxZ=50] start=RouteColumn[surfacePos=BlockPos{x=3, y=69, z=0}, blocked=false, requiresBridge=true, adjacentWaterColumns=1, terrainPenalty=6, preferred=false] end=RouteColumn[surfacePos=BlockPos{x=5, y=69, z=0}, blocked=false, requiresBridge=true, adjacentWaterColumns=2, terrainPenalty=0, preferred=false]
[194月2026 22:40:37.941] [Test worker/WARN] [com.monpai.sailboatmod.construction.RoadRouteNodePlanner/]: RoadRouteNodePlanner anchor_rejected allowBridgeColumns=false bounds=SearchBounds[minX=-3, maxX=15, minZ=-24, maxZ=24] start=RouteColumn[surfacePos=BlockPos{x=5, y=69, z=0}, blocked=false, requiresBridge=true, adjacentWaterColumns=2, terrainPenalty=0, preferred=false] end=RouteColumn[surfacePos=BlockPos{x=7, y=69, z=0}, blocked=false, requiresBridge=true, adjacentWaterColumns=2, terrainPenalty=0, preferred=false]
[194月2026 22:40:37.942] [Test worker/WARN] [com.monpai.sailboatmod.construction.RoadRouteNodePlanner/]: RoadRouteNodePlanner anchor_rejected allowBridgeColumns=false bounds=SearchBounds[minX=-19, maxX=31, minZ=-50, maxZ=50] start=RouteColumn[surfacePos=BlockPos{x=5, y=69, z=0}, blocked=false, requiresBridge=true, adjacentWaterColumns=2, terrainPenalty=0, preferred=false] end=RouteColumn[surfacePos=BlockPos{x=7, y=69, z=0}, blocked=false, requiresBridge=true, adjacentWaterColumns=2, terrainPenalty=0, preferred=false]
[194月2026 22:40:37.944] [Test worker/WARN] [com.monpai.sailboatmod.construction.RoadRouteNodePlanner/]: RoadRouteNodePlanner anchor_rejected allowBridgeColumns=false bounds=SearchBounds[minX=-1, maxX=17, minZ=-24, maxZ=24] start=RouteColumn[surfacePos=BlockPos{x=7, y=69, z=0}, blocked=false, requiresBridge=true, adjacentWaterColumns=2, terrainPenalty=0, preferred=false] end=RouteColumn[surfacePos=BlockPos{x=9, y=69, z=0}, blocked=false, requiresBridge=true, adjacentWaterColumns=2, terrainPenalty=0, preferred=false]
[194月2026 22:40:37.944] [Test worker/WARN] [com.monpai.sailboatmod.construction.RoadRouteNodePlanner/]: RoadRouteNodePlanner anchor_rejected allowBridgeColumns=false bounds=SearchBounds[minX=-17, maxX=33, minZ=-50, maxZ=50] start=RouteColumn[surfacePos=BlockPos{x=7, y=69, z=0}, blocked=false, requiresBridge=true, adjacentWaterColumns=2, terrainPenalty=0, preferred=false] end=RouteColumn[surfacePos=BlockPos{x=9, y=69, z=0}, blocked=false, requiresBridge=true, adjacentWaterColumns=2, terrainPenalty=0, preferred=false]
[194月2026 22:40:37.946] [Test worker/WARN] [com.monpai.sailboatmod.construction.RoadRouteNodePlanner/]: RoadRouteNodePlanner anchor_rejected allowBridgeColumns=false bounds=SearchBounds[minX=1, maxX=19, minZ=-24, maxZ=24] start=RouteColumn[surfacePos=BlockPos{x=9, y=69, z=0}, blocked=false, requiresBridge=true, adjacentWaterColumns=2, terrainPenalty=0, preferred=false] end=RouteColumn[surfacePos=BlockPos{x=11, y=69, z=0}, blocked=false, requiresBridge=true, adjacentWaterColumns=2, terrainPenalty=0, preferred=false]
[194月2026 22:40:37.946] [Test worker/WARN] [com.monpai.sailboatmod.construction.RoadRouteNodePlanner/]: RoadRouteNodePlanner anchor_rejected allowBridgeColumns=false bounds=SearchBounds[minX=-15, maxX=35, minZ=-50, maxZ=50] start=RouteColumn[surfacePos=BlockPos{x=9, y=69, z=0}, blocked=false, requiresBridge=true, adjacentWaterColumns=2, terrainPenalty=0, preferred=false] end=RouteColumn[surfacePos=BlockPos{x=11, y=69, z=0}, blocked=false, requiresBridge=true, adjacentWaterColumns=2, terrainPenalty=0, preferred=false]
[194月2026 22:40:37.948] [Test worker/WARN] [com.monpai.sailboatmod.construction.RoadRouteNodePlanner/]: RoadRouteNodePlanner anchor_rejected allowBridgeColumns=false bounds=SearchBounds[minX=3, maxX=21, minZ=-24, maxZ=24] start=RouteColumn[surfacePos=BlockPos{x=11, y=69, z=0}, blocked=false, requiresBridge=true, adjacentWaterColumns=2, terrainPenalty=0, preferred=false] end=RouteColumn[surfacePos=BlockPos{x=13, y=69, z=0}, blocked=false, requiresBridge=true, adjacentWaterColumns=2, terrainPenalty=0, preferred=false]
[194月2026 22:40:37.949] [Test worker/WARN] [com.monpai.sailboatmod.construction.RoadRouteNodePlanner/]: RoadRouteNodePlanner anchor_rejected allowBridgeColumns=false bounds=SearchBounds[minX=-13, maxX=37, minZ=-50, maxZ=50] start=RouteColumn[surfacePos=BlockPos{x=11, y=69, z=0}, blocked=false, requiresBridge=true, adjacentWaterColumns=2, terrainPenalty=0, preferred=false] end=RouteColumn[surfacePos=BlockPos{x=13, y=69, z=0}, blocked=false, requiresBridge=true, adjacentWaterColumns=2, terrainPenalty=0, preferred=false]
[194月2026 22:40:37.951] [Test worker/WARN] [com.monpai.sailboatmod.construction.RoadRouteNodePlanner/]: RoadRouteNodePlanner anchor_rejected allowBridgeColumns=false bounds=SearchBounds[minX=5, maxX=23, minZ=-24, maxZ=24] start=RouteColumn[surfacePos=BlockPos{x=13, y=69, z=0}, blocked=false, requiresBridge=true, adjacentWaterColumns=2, terrainPenalty=0, preferred=false] end=RouteColumn[surfacePos=BlockPos{x=15, y=69, z=0}, blocked=false, requiresBridge=true, adjacentWaterColumns=2, terrainPenalty=0, preferred=false]
[194月2026 22:40:37.952] [Test worker/WARN] [com.monpai.sailboatmod.construction.RoadRouteNodePlanner/]: RoadRouteNodePlanner anchor_rejected allowBridgeColumns=false bounds=SearchBounds[minX=-11, maxX=39, minZ=-50, maxZ=50] start=RouteColumn[surfacePos=BlockPos{x=13, y=69, z=0}, blocked=false, requiresBridge=true, adjacentWaterColumns=2, terrainPenalty=0, preferred=false] end=RouteColumn[surfacePos=BlockPos{x=15, y=69, z=0}, blocked=false, requiresBridge=true, adjacentWaterColumns=2, terrainPenalty=0, preferred=false]
[194月2026 22:40:37.953] [Test worker/WARN] [com.monpai.sailboatmod.construction.RoadRouteNodePlanner/]: RoadRouteNodePlanner anchor_rejected allowBridgeColumns=false bounds=SearchBounds[minX=7, maxX=25, minZ=-24, maxZ=24] start=RouteColumn[surfacePos=BlockPos{x=15, y=69, z=0}, blocked=false, requiresBridge=true, adjacentWaterColumns=2, terrainPenalty=0, preferred=false] end=RouteColumn[surfacePos=BlockPos{x=17, y=69, z=0}, blocked=false, requiresBridge=true, adjacentWaterColumns=2, terrainPenalty=0, preferred=false]
[194月2026 22:40:37.953] [Test worker/WARN] [com.monpai.sailboatmod.construction.RoadRouteNodePlanner/]: RoadRouteNodePlanner anchor_rejected allowBridgeColumns=false bounds=SearchBounds[minX=-9, maxX=41, minZ=-50, maxZ=50] start=RouteColumn[surfacePos=BlockPos{x=15, y=69, z=0}, blocked=false, requiresBridge=true, adjacentWaterColumns=2, terrainPenalty=0, preferred=false] end=RouteColumn[surfacePos=BlockPos{x=17, y=69, z=0}, blocked=false, requiresBridge=true, adjacentWaterColumns=2, terrainPenalty=0, preferred=false]
[194月2026 22:40:37.956] [Test worker/WARN] [com.monpai.sailboatmod.construction.RoadRouteNodePlanner/]: RoadRouteNodePlanner anchor_rejected allowBridgeColumns=false bounds=SearchBounds[minX=9, maxX=27, minZ=-24, maxZ=24] start=RouteColumn[surfacePos=BlockPos{x=17, y=69, z=0}, blocked=false, requiresBridge=true, adjacentWaterColumns=2, terrainPenalty=0, preferred=false] end=RouteColumn[surfacePos=BlockPos{x=19, y=69, z=0}, blocked=false, requiresBridge=true, adjacentWaterColumns=2, terrainPenalty=0, preferred=false]
[194月2026 22:40:37.956] [Test worker/WARN] [com.monpai.sailboatmod.construction.RoadRouteNodePlanner/]: RoadRouteNodePlanner anchor_rejected allowBridgeColumns=false bounds=SearchBounds[minX=-7, maxX=43, minZ=-50, maxZ=50] start=RouteColumn[surfacePos=BlockPos{x=17, y=69, z=0}, blocked=false, requiresBridge=true, adjacentWaterColumns=2, terrainPenalty=0, preferred=false] end=RouteColumn[surfacePos=BlockPos{x=19, y=69, z=0}, blocked=false, requiresBridge=true, adjacentWaterColumns=2, terrainPenalty=0, preferred=false]
[194月2026 22:40:37.957] [Test worker/WARN] [com.monpai.sailboatmod.construction.RoadRouteNodePlanner/]: RoadRouteNodePlanner anchor_rejected allowBridgeColumns=false bounds=SearchBounds[minX=11, maxX=29, minZ=-24, maxZ=24] start=RouteColumn[surfacePos=BlockPos{x=19, y=69, z=0}, blocked=false, requiresBridge=true, adjacentWaterColumns=2, terrainPenalty=0, preferred=false] end=RouteColumn[surfacePos=BlockPos{x=21, y=69, z=0}, blocked=false, requiresBridge=true, adjacentWaterColumns=2, terrainPenalty=0, preferred=false]
[194月2026 22:40:37.958] [Test worker/WARN] [com.monpai.sailboatmod.construction.RoadRouteNodePlanner/]: RoadRouteNodePlanner anchor_rejected allowBridgeColumns=false bounds=SearchBounds[minX=-5, maxX=45, minZ=-50, maxZ=50] start=RouteColumn[surfacePos=BlockPos{x=19, y=69, z=0}, blocked=false, requiresBridge=true, adjacentWaterColumns=2, terrainPenalty=0, preferred=false] end=RouteColumn[surfacePos=BlockPos{x=21, y=69, z=0}, blocked=false, requiresBridge=true, adjacentWaterColumns=2, terrainPenalty=0, preferred=false]
[194月2026 22:40:37.959] [Test worker/WARN] [com.monpai.sailboatmod.construction.RoadRouteNodePlanner/]: RoadRouteNodePlanner anchor_rejected allowBridgeColumns=false bounds=SearchBounds[minX=13, maxX=31, minZ=-24, maxZ=24] start=RouteColumn[surfacePos=BlockPos{x=21, y=69, z=0}, blocked=false, requiresBridge=true, adjacentWaterColumns=2, terrainPenalty=0, preferred=false] end=RouteColumn[surfacePos=BlockPos{x=23, y=69, z=0}, blocked=false, requiresBridge=true, adjacentWaterColumns=2, terrainPenalty=0, preferred=false]
[194月2026 22:40:37.960] [Test worker/WARN] [com.monpai.sailboatmod.construction.RoadRouteNodePlanner/]: RoadRouteNodePlanner anchor_rejected allowBridgeColumns=false bounds=SearchBounds[minX=-3, maxX=47, minZ=-50, maxZ=50] start=RouteColumn[surfacePos=BlockPos{x=21, y=69, z=0}, blocked=false, requiresBridge=true, adjacentWaterColumns=2, terrainPenalty=0, preferred=false] end=RouteColumn[surfacePos=BlockPos{x=23, y=69, z=0}, blocked=false, requiresBridge=true, adjacentWaterColumns=2, terrainPenalty=0, preferred=false]
[194月2026 22:40:37.961] [Test worker/WARN] [com.monpai.sailboatmod.construction.RoadRouteNodePlanner/]: RoadRouteNodePlanner anchor_rejected allowBridgeColumns=false bounds=SearchBounds[minX=15, maxX=33, minZ=-24, maxZ=24] start=RouteColumn[surfacePos=BlockPos{x=23, y=69, z=0}, blocked=false, requiresBridge=true, adjacentWaterColumns=2, terrainPenalty=0, preferred=false] end=RouteColumn[surfacePos=BlockPos{x=25, y=69, z=0}, blocked=false, requiresBridge=true, adjacentWaterColumns=2, terrainPenalty=0, preferred=false]
[194月2026 22:40:37.962] [Test worker/WARN] [com.monpai.sailboatmod.construction.RoadRouteNodePlanner/]: RoadRouteNodePlanner anchor_rejected allowBridgeColumns=false bounds=SearchBounds[minX=-1, maxX=49, minZ=-50, maxZ=50] start=RouteColumn[surfacePos=BlockPos{x=23, y=69, z=0}, blocked=false, requiresBridge=true, adjacentWaterColumns=2, terrainPenalty=0, preferred=false] end=RouteColumn[surfacePos=BlockPos{x=25, y=69, z=0}, blocked=false, requiresBridge=true, adjacentWaterColumns=2, terrainPenalty=0, preferred=false]
[194月2026 22:40:37.964] [Test worker/WARN] [com.monpai.sailboatmod.construction.RoadRouteNodePlanner/]: RoadRouteNodePlanner anchor_rejected allowBridgeColumns=false bounds=SearchBounds[minX=16, maxX=49, minZ=-24, maxZ=24] start=RouteColumn[surfacePos=BlockPos{x=25, y=69, z=0}, blocked=false, requiresBridge=true, adjacentWaterColumns=2, terrainPenalty=0, preferred=false] end=RouteColumn[surfacePos=BlockPos{x=40, y=64, z=0}, blocked=false, requiresBridge=false, adjacentWaterColumns=0, terrainPenalty=0, preferred=true]
[194月2026 22:40:37.964] [Test worker/WARN] [com.monpai.sailboatmod.construction.RoadRouteNodePlanner/]: RoadRouteNodePlanner anchor_rejected allowBridgeColumns=false bounds=SearchBounds[minX=1, maxX=64, minZ=-63, maxZ=63] start=RouteColumn[surfacePos=BlockPos{x=25, y=69, z=0}, blocked=false, requiresBridge=true, adjacentWaterColumns=2, terrainPenalty=0, preferred=false] end=RouteColumn[surfacePos=BlockPos{x=40, y=64, z=0}, blocked=false, requiresBridge=false, adjacentWaterColumns=0, terrainPenalty=0, preferred=true]
[194月2026 22:40:37.968] [Test worker/WARN] [com.monpai.sailboatmod.construction.RoadRouteNodePlanner/]: RoadRouteNodePlanner search_exhausted allowBridgeColumns=false bounds=SearchBounds[minX=-17, maxX=57, minZ=-44, maxZ=44] visited=3 seen=3 openRemaining=0 start=RouteColumn[surfacePos=BlockPos{x=0, y=64, z=0}, blocked=false, requiresBridge=false, adjacentWaterColumns=0, terrainPenalty=0, preferred=true] end=RouteColumn[surfacePos=BlockPos{x=40, y=64, z=0}, blocked=false, requiresBridge=false, adjacentWaterColumns=0, terrainPenalty=0, preferred=true]
[194月2026 22:40:37.969] [Test worker/WARN] [com.monpai.sailboatmod.construction.RoadRouteNodePlanner/]: RoadRouteNodePlanner search_exhausted allowBridgeColumns=false bounds=SearchBounds[minX=-36, maxX=76, minZ=-160, maxZ=160] visited=3 seen=3 openRemaining=0 start=RouteColumn[surfacePos=BlockPos{x=0, y=64, z=0}, blocked=false, requiresBridge=false, adjacentWaterColumns=0, terrainPenalty=0, preferred=true] end=RouteColumn[surfacePos=BlockPos{x=40, y=64, z=0}, blocked=false, requiresBridge=false, adjacentWaterColumns=0, terrainPenalty=0, preferred=true]
[194月2026 22:40:37.969] [Test worker/WARN] [com.monpai.sailboatmod.construction.RoadRouteNodePlanner/]: RoadRouteNodePlanner search_exhausted allowBridgeColumns=true bounds=SearchBounds[minX=-17, maxX=57, minZ=-44, maxZ=44] visited=3 seen=3 openRemaining=0 start=RouteColumn[surfacePos=BlockPos{x=0, y=64, z=0}, blocked=false, requiresBridge=false, adjacentWaterColumns=0, terrainPenalty=0, preferred=true] end=RouteColumn[surfacePos=BlockPos{x=40, y=64, z=0}, blocked=false, requiresBridge=false, adjacentWaterColumns=0, terrainPenalty=0, preferred=true]
[194月2026 22:40:37.969] [Test worker/WARN] [com.monpai.sailboatmod.construction.RoadRouteNodePlanner/]: RoadRouteNodePlanner search_exhausted allowBridgeColumns=true bounds=SearchBounds[minX=-36, maxX=76, minZ=-160, maxZ=160] visited=3 seen=3 openRemaining=0 start=RouteColumn[surfacePos=BlockPos{x=0, y=64, z=0}, blocked=false, requiresBridge=false, adjacentWaterColumns=0, terrainPenalty=0, preferred=true] end=RouteColumn[surfacePos=BlockPos{x=40, y=64, z=0}, blocked=false, requiresBridge=false, adjacentWaterColumns=0, terrainPenalty=0, preferred=true]
[194月2026 22:40:37.970] [Test worker/WARN] [com.monpai.sailboatmod.nation.service.RoadPathfinder/]: RoadPathfinder planner_empty_path requestedFrom=BlockPos{x=0, y=64, z=0} requestedTo=BlockPos{x=40, y=64, z=0} allowWaterFallback=false blockedColumns=0 start=ColumnDiagnostics[requested=BlockPos{x=0, y=64, z=0}, surface=BlockPos{x=0, y=64, z=0}, blocked=false, blockedByPlanner=false, blockedByOccupant=false, blockedByHeadroom=false, missingSurface=false, bridgeRequired=false, bridgeBlockedByMode=false, adjacentWater=0, terrainPenalty=0, preferred=true, reason=clear] end=ColumnDiagnostics[requested=BlockPos{x=40, y=64, z=0}, surface=BlockPos{x=40, y=64, z=0}, blocked=false, blockedByPlanner=false, blockedByOccupant=false, blockedByHeadroom=false, missingSurface=false, bridgeRequired=false, bridgeBlockedByMode=false, adjacentWater=0, terrainPenalty=0, preferred=true, reason=clear] planPathSize=0 planUsedBridge=false planBridgeColumns=0 planLongestBridgeRun=0
